{"numFailedTestSuites":2,"numFailedTests":0,"numPassedTestSuites":31,"numPassedTests":408,"numPendingTestSuites":0,"numPendingTests":0,"numRuntimeErrorTestSuites":2,"numTodoTests":0,"numTotalTestSuites":33,"numTotalTests":408,"openHandles":[],"snapshot":{"added":0,"didUpdate":false,"failure":false,"filesAdded":0,"filesRemoved":0,"filesRemovedList":[],"filesUnmatched":0,"filesUpdated":0,"matched":0,"total":0,"unchecked":0,"uncheckedKeysByFile":[],"unmatched":0,"updated":0},"startTime":1774080594560,"success":false,"testResults":[{"assertionResults":[{"ancestorTitles":["Bug Condition Exploration: Trackpad Navigation"],"duration":667,"failing":false,"failureDetails":[],"failureMessages":[],"fullName":"Bug Condition Exploration: Trackpad Navigation Bug 1: Horizontal swipe left gets stuck between panels","invocations":1,"location":null,"numPassingAsserts":5,"retryReasons":[],"startAt":1774080596451,"status":"passed","title":"Bug 1: Horizontal swipe left gets stuck between panels"},{"ancestorTitles":["Bug Condition Exploration: Trackpad Navigation"],"duration":658,"failing":false,"failureDetails":[],"failureMessages":[],"fullName":"Bug Condition Exploration: Trackpad Navigation Bug 2: Vertical swipe down skips panels","invocations":1,"location":null,"numPassingAsserts":4,"retryReasons":[],"startAt":1774080597120,"status":"passed","title":"Bug 2: Vertical swipe down skips panels"},{"ancestorTitles":["Bug Condition Exploration: Trackpad Navigation"],"duration":580,"failing":false,"failureDetails":[],"failureMessages":[],"fullName":"Bug Condition Exploration: Trackpad Navigation Bug 2: Vertical swipe up skips panels backward","invocations":1,"location":null,"numPassingAsserts":4,"retryReasons":[],"startAt":1774080597780,"status":"passed","title":"Bug 2: Vertical swipe up skips panels backward"},{"ancestorTitles":["Bug Condition Exploration: Trackpad Navigation"],"duration":12078,"failing":false,"failureDetails":[],"failureMessages":[],"fullName":"Bug Condition Exploration: Trackpad Navigation Property: Trackpad gestures navigate to exactly one adjacent panel","invocations":1,"location":null,"numPassingAsserts":80,"retryReasons":[],"startAt":1774080598361,"status":"passed","title":"Property: Trackpad gestures navigate to exactly one adjacent panel"},{"ancestorTitles":["Preservation Property Tests: Non-Trackpad Inputs"],"duration":128,"failing":false,"failureDetails":[],"failureMessages":[],"fullName":"Preservation Property Tests: Non-Trackpad Inputs Preservation: Mouse wheel scrolling continues to work","invocations":1,"location":null,"numPassingAsserts":3,"retryReasons":[],"startAt":1774080610440,"status":"passed","title":"Preservation: Mouse wheel scrolling continues to work"},{"ancestorTitles":["Preservation Property Tests: Non-Trackpad Inputs"],"duration":295,"failing":false,"failureDetails":[],"failureMessages":[],"fullName":"Preservation Property Tests: Non-Trackpad Inputs Preservation: Touch gestures continue to function","invocations":1,"location":null,"numPassingAsserts":3,"retryReasons":[],"startAt":1774080610569,"status":"passed","title":"Preservation: Touch gestures continue to function"},{"ancestorTitles":["Preservation Property Tests: Non-Trackpad Inputs"],"duration":222,"failing":false,"failureDetails":[],"failureMessages":[],"fullName":"Preservation Property Tests: Non-Trackpad Inputs Preservation: Keyboard arrow keys continue to work","invocations":1,"location":null,"numPassingAsserts":3,"retryReasons":[],"startAt":1774080610864,"status":"passed","title":"Preservation: Keyboard arrow keys continue to work"},{"ancestorTitles":["Preservation Property Tests: Non-Trackpad Inputs"],"duration":138,"failing":false,"failureDetails":[],"failureMessages":[],"fullName":"Preservation Property Tests: Non-Trackpad Inputs Preservation: Internal panel scrolling with boundary detection","invocations":1,"location":null,"numPassingAsserts":3,"retryReasons":[],"startAt":1774080611087,"status":"passed","title":"Preservation: Internal panel scrolling with boundary detection"},{"ancestorTitles":["Preservation Property Tests: Non-Trackpad Inputs"],"duration":1238,"failing":false,"failureDetails":[],"failureMessages":[],"fullName":"Preservation Property Tests: Non-Trackpad Inputs Property: Mouse wheel events preserve scrollBy behavior","invocations":1,"location":null,"numPassingAsserts":20,"retryReasons":[],"startAt":1774080611227,"status":"passed","title":"Property: Mouse wheel events preserve scrollBy behavior"},{"ancestorTitles":["Preservation Property Tests: Non-Trackpad Inputs"],"duration":266,"failing":false,"failureDetails":[],"failureMessages":[],"fullName":"Preservation Property Tests: Non-Trackpad Inputs Property: Programmatic scrollToPanel navigation works correctly","invocations":1,"location":null,"numPassingAsserts":30,"retryReasons":[],"startAt":1774080612465,"status":"passed","title":"Property: Programmatic scrollToPanel navigation works correctly"}],"endTime":1774080612733,"message":"","name":"C:\\Users\\echob\\OneDrive\\Desktop\\New folder\\Port1\\components\\horizontal-scroll\\HorizontalScrollContainer.bugfix.test.tsx","startTime":1774080595357,"status":"passed","summary":""},{"assertionResults":[{"ancestorTitles":["ContactForm","Rendering"],"duration":35,"failing":false,"failureDetails":[],"failureMessages":[],"fullName":"ContactForm Rendering displays all required form fields","invocations":1,"location":null,"numPassingAsserts":4,"retryReasons":[],"startAt":1774080613539,"status":"passed","title":"displays all required form fields"},{"ancestorTitles":["ContactForm","Rendering"],"duration":61,"failing":false,"failureDetails":[],"failureMessages":[],"fullName":"ContactForm Rendering displays submit button with correct text","invocations":1,"location":null,"numPassingAsserts":1,"retryReasons":[],"startAt":1774080613575,"status":"passed","title":"displays submit button with correct text"},{"ancestorTitles":["ContactForm","Rendering"],"duration":13,"failing":false,"failureDetails":[],"failureMessages":[],"fullName":"ContactForm Rendering displays form header and description","invocations":1,"location":null,"numPassingAsserts":2,"retryReasons":[],"startAt":1774080613637,"status":"passed","title":"displays form header and description"},{"ancestorTitles":["ContactForm","Validation"],"duration":120,"failing":false,"failureDetails":[],"failureMessages":[],"fullName":"ContactForm Validation shows error when name is empty","invocations":1,"location":null,"numPassingAsserts":1,"retryReasons":[],"startAt":1774080613652,"status":"passed","title":"shows error when name is empty"},{"ancestorTitles":["ContactForm","Validation"],"duration":140,"failing":false,"failureDetails":[],"failureMessages":[],"fullName":"ContactForm Validation shows error when name is too short","invocations":1,"location":null,"numPassingAsserts":1,"retryReasons":[],"startAt":1774080613772,"status":"passed","title":"shows error when name is too short"},{"ancestorTitles":["ContactForm","Validation"],"duration":282,"failing":false,"failureDetails":[],"failureMessages":[],"fullName":"ContactForm Validation shows error when email is invalid","invocations":1,"location":null,"numPassingAsserts":1,"retryReasons":[],"startAt":1774080613913,"status":"passed","title":"shows error when email is invalid"},{"ancestorTitles":["ContactForm","Validation"],"duration":140,"failing":false,"failureDetails":[],"failureMessages":[],"fullName":"ContactForm Validation shows error when subject is too short","invocations":1,"location":null,"numPassingAsserts":1,"retryReasons":[],"startAt":1774080614196,"status":"passed","title":"shows error when subject is too short"},{"ancestorTitles":["ContactForm","Validation"],"duration":187,"failing":false,"failureDetails":[],"failureMessages":[],"fullName":"ContactForm Validation shows error when message is too short","invocations":1,"location":null,"numPassingAsserts":1,"retryReasons":[],"startAt":1774080614337,"status":"passed","title":"shows error when message is too short"},{"ancestorTitles":["ContactForm","Validation"],"duration":1490,"failing":false,"failureDetails":[],"failureMessages":[],"fullName":"ContactForm Validation does not show errors for valid inputs","invocations":1,"location":null,"numPassingAsserts":3,"retryReasons":[],"startAt":1774080614525,"status":"passed","title":"does not show errors for valid inputs"},{"ancestorTitles":["ContactForm","Form Submission"],"duration":1512,"failing":false,"failureDetails":[],"failureMessages":[],"fullName":"ContactForm Form Submission calls onSubmit with form data when submitted with valid data","invocations":1,"location":null,"numPassingAsserts":1,"retryReasons":[],"startAt":1774080616016,"status":"passed","title":"calls onSubmit with form data when submitted with valid data"},{"ancestorTitles":["ContactForm","Form Submission"],"duration":1480,"failing":false,"failureDetails":[],"failureMessages":[],"fullName":"ContactForm Form Submission displays loading state during submission","invocations":1,"location":null,"numPassingAsserts":3,"retryReasons":[],"startAt":1774080617528,"status":"passed","title":"displays loading state during submission"},{"ancestorTitles":["ContactForm","Form Submission"],"duration":1379,"failing":false,"failureDetails":[],"failureMessages":[],"fullName":"ContactForm Form Submission displays success message after successful submission","invocations":1,"location":null,"numPassingAsserts":2,"retryReasons":[],"startAt":1774080619009,"status":"passed","title":"displays success message after successful submission"},{"ancestorTitles":["ContactForm","Form Submission"],"duration":1385,"failing":false,"failureDetails":[],"failureMessages":[],"fullName":"ContactForm Form Submission displays error message when submission fails","invocations":1,"location":null,"numPassingAsserts":2,"retryReasons":[],"startAt":1774080620389,"status":"passed","title":"displays error message when submission fails"},{"ancestorTitles":["ContactForm","Form Submission"],"duration":1416,"failing":false,"failureDetails":[],"failureMessages":[],"fullName":"ContactForm Form Submission resets form after successful submission","invocations":1,"location":null,"numPassingAsserts":4,"retryReasons":[],"startAt":1774080621775,"status":"passed","title":"resets form after successful submission"},{"ancestorTitles":["ContactForm","Form Submission"],"duration":1198,"failing":false,"failureDetails":[],"failureMessages":[],"fullName":"ContactForm Form Submission disables form fields during submission","invocations":1,"location":null,"numPassingAsserts":5,"retryReasons":[],"startAt":1774080623192,"status":"passed","title":"disables form fields during submission"},{"ancestorTitles":["ContactForm","Manga Styling"],"duration":10,"failing":false,"failureDetails":[],"failureMessages":[],"fullName":"ContactForm Manga Styling renders form fields with manga dialogue box styling","invocations":1,"location":null,"numPassingAsserts":1,"retryReasons":[],"startAt":1774080624391,"status":"passed","title":"renders form fields with manga dialogue box styling"},{"ancestorTitles":["ContactForm","Manga Styling"],"duration":12,"failing":false,"failureDetails":[],"failureMessages":[],"fullName":"ContactForm Manga Styling renders submit button with action manga panel styling","invocations":1,"location":null,"numPassingAsserts":1,"retryReasons":[],"startAt":1774080624402,"status":"passed","title":"renders submit button with action manga panel styling"},{"ancestorTitles":["ContactForm","Manga Styling"],"duration":1380,"failing":false,"failureDetails":[],"failureMessages":[],"fullName":"ContactForm Manga Styling displays manga character reaction on success","invocations":1,"location":null,"numPassingAsserts":1,"retryReasons":[],"startAt":1774080624414,"status":"passed","title":"displays manga character reaction on success"},{"ancestorTitles":["ContactForm","Manga Styling"],"duration":1098,"failing":false,"failureDetails":[],"failureMessages":[],"fullName":"ContactForm Manga Styling displays manga character reaction on error","invocations":1,"location":null,"numPassingAsserts":1,"retryReasons":[],"startAt":1774080625795,"status":"passed","title":"displays manga character reaction on error"}],"endTime":1774080626895,"message":"","name":"C:\\Users\\echob\\OneDrive\\Desktop\\New folder\\Port1\\components\\contact\\ContactForm.test.tsx","startTime":1774080613015,"status":"passed","summary":""},{"assertionResults":[{"ancestorTitles":["ProjectDetail","Back Navigation"],"duration":24,"failing":false,"failureDetails":[],"failureMessages":[],"fullName":"ProjectDetail Back Navigation should display back to projects link","invocations":1,"location":null,"numPassingAsserts":2,"retryReasons":[],"startAt":1774080627105,"status":"passed","title":"should display back to projects link"},{"ancestorTitles":["ProjectDetail","Back Navigation"],"duration":16,"failing":false,"failureDetails":[],"failureMessages":[],"fullName":"ProjectDetail Back Navigation should preserve category filter in back link when present","invocations":1,"location":null,"numPassingAsserts":2,"retryReasons":[],"startAt":1774080627130,"status":"passed","title":"should preserve category filter in back link when present"},{"ancestorTitles":["ProjectDetail","Project Header"],"duration":17,"failing":false,"failureDetails":[],"failureMessages":[],"fullName":"ProjectDetail Project Header should display project title and description","invocations":1,"location":null,"numPassingAsserts":2,"retryReasons":[],"startAt":1774080627147,"status":"passed","title":"should display project title and description"},{"ancestorTitles":["ProjectDetail","Project Information"],"duration":15,"failing":false,"failureDetails":[],"failureMessages":[],"fullName":"ProjectDetail Project Information should display full description","invocations":1,"location":null,"numPassingAsserts":1,"retryReasons":[],"startAt":1774080627165,"status":"passed","title":"should display full description"},{"ancestorTitles":["ProjectDetail","Project Information"],"duration":15,"failing":false,"failureDetails":[],"failureMessages":[],"fullName":"ProjectDetail Project Information should display all tech stack items","invocations":1,"location":null,"numPassingAsserts":3,"retryReasons":[],"startAt":1774080627181,"status":"passed","title":"should display all tech stack items"},{"ancestorTitles":["ProjectDetail","Project Information"],"duration":19,"failing":false,"failureDetails":[],"failureMessages":[],"fullName":"ProjectDetail Project Information should display demo link when available","invocations":1,"location":null,"numPassingAsserts":4,"retryReasons":[],"startAt":1774080627196,"status":"passed","title":"should display demo link when available"},{"ancestorTitles":["ProjectDetail","Project Information"],"duration":18,"failing":false,"failureDetails":[],"failureMessages":[],"fullName":"ProjectDetail Project Information should display repo link when available","invocations":1,"location":null,"numPassingAsserts":4,"retryReasons":[],"startAt":1774080627216,"status":"passed","title":"should display repo link when available"},{"ancestorTitles":["ProjectDetail","Project Information"],"duration":16,"failing":false,"failureDetails":[],"failureMessages":[],"fullName":"ProjectDetail Project Information should not display demo link when not available","invocations":1,"location":null,"numPassingAsserts":1,"retryReasons":[],"startAt":1774080627237,"status":"passed","title":"should not display demo link when not available"},{"ancestorTitles":["ProjectDetail","Project Information"],"duration":9,"failing":false,"failureDetails":[],"failureMessages":[],"fullName":"ProjectDetail Project Information should not display repo link when not available","invocations":1,"location":null,"numPassingAsserts":1,"retryReasons":[],"startAt":1774080627253,"status":"passed","title":"should not display repo link when not available"},{"ancestorTitles":["ProjectDetail","Screenshots Section"],"duration":12,"failing":false,"failureDetails":[],"failureMessages":[],"fullName":"ProjectDetail Screenshots Section should display all screenshots","invocations":1,"location":null,"numPassingAsserts":6,"retryReasons":[],"startAt":1774080627263,"status":"passed","title":"should display all screenshots"},{"ancestorTitles":["ProjectDetail","Screenshots Section"],"duration":12,"failing":false,"failureDetails":[],"failureMessages":[],"fullName":"ProjectDetail Screenshots Section should display screenshot panel numbers","invocations":1,"location":null,"numPassingAsserts":3,"retryReasons":[],"startAt":1774080627276,"status":"passed","title":"should display screenshot panel numbers"},{"ancestorTitles":["ProjectDetail","Screenshots Section"],"duration":9,"failing":false,"failureDetails":[],"failureMessages":[],"fullName":"ProjectDetail Screenshots Section should not display screenshots section when no screenshots","invocations":1,"location":null,"numPassingAsserts":1,"retryReasons":[],"startAt":1774080627289,"status":"passed","title":"should not display screenshots section when no screenshots"},{"ancestorTitles":["ProjectDetail","Power Stats - Challenges"],"duration":10,"failing":false,"failureDetails":[],"failureMessages":[],"fullName":"ProjectDetail Power Stats - Challenges should display challenges section header","invocations":1,"location":null,"numPassingAsserts":1,"retryReasons":[],"startAt":1774080627299,"status":"passed","title":"should display challenges section header"},{"ancestorTitles":["ProjectDetail","Power Stats - Challenges"],"duration":14,"failing":false,"failureDetails":[],"failureMessages":[],"fullName":"ProjectDetail Power Stats - Challenges should display all challenges","invocations":1,"location":null,"numPassingAsserts":3,"retryReasons":[],"startAt":1774080627309,"status":"passed","title":"should display all challenges"},{"ancestorTitles":["ProjectDetail","Power Stats - Learnings"],"duration":9,"failing":false,"failureDetails":[],"failureMessages":[],"fullName":"ProjectDetail Power Stats - Learnings should display learnings section header","invocations":1,"location":null,"numPassingAsserts":1,"retryReasons":[],"startAt":1774080627324,"status":"passed","title":"should display learnings section header"},{"ancestorTitles":["ProjectDetail","Power Stats - Learnings"],"duration":13,"failing":false,"failureDetails":[],"failureMessages":[],"fullName":"ProjectDetail Power Stats - Learnings should display all learnings","invocations":1,"location":null,"numPassingAsserts":3,"retryReasons":[],"startAt":1774080627333,"status":"passed","title":"should display all learnings"},{"ancestorTitles":["ProjectDetail","Power Stats - Impact"],"duration":16,"failing":false,"failureDetails":[],"failureMessages":[],"fullName":"ProjectDetail Power Stats - Impact should display impact section header","invocations":1,"location":null,"numPassingAsserts":1,"retryReasons":[],"startAt":1774080627348,"status":"passed","title":"should display impact section header"},{"ancestorTitles":["ProjectDetail","Power Stats - Impact"],"duration":24,"failing":false,"failureDetails":[],"failureMessages":[],"fullName":"ProjectDetail Power Stats - Impact should display all impact metrics","invocations":1,"location":null,"numPassingAsserts":6,"retryReasons":[],"startAt":1774080627364,"status":"passed","title":"should display all impact metrics"},{"ancestorTitles":["ProjectDetail","Power Stats - Impact"],"duration":55,"failing":false,"failureDetails":[],"failureMessages":[],"fullName":"ProjectDetail Power Stats - Impact should display stat bars for each impact metric","invocations":1,"location":null,"numPassingAsserts":1,"retryReasons":[],"startAt":1774080627392,"status":"passed","title":"should display stat bars for each impact metric"},{"ancestorTitles":["ProjectDetail","Bottom Navigation"],"duration":9,"failing":false,"failureDetails":[],"failureMessages":[],"fullName":"ProjectDetail Bottom Navigation should display view all projects link","invocations":1,"location":null,"numPassingAsserts":2,"retryReasons":[],"startAt":1774080627448,"status":"passed","title":"should display view all projects link"},{"ancestorTitles":["ProjectDetail","Requirements Validation"],"duration":18,"failing":false,"failureDetails":[],"failureMessages":[],"fullName":"ProjectDetail Requirements Validation should display full project information (Requirement 12.1)","invocations":1,"location":null,"numPassingAsserts":4,"retryReasons":[],"startAt":1774080627457,"status":"passed","title":"should display full project information (Requirement 12.1)"},{"ancestorTitles":["ProjectDetail","Requirements Validation"],"duration":18,"failing":false,"failureDetails":[],"failureMessages":[],"fullName":"ProjectDetail Requirements Validation should arrange screenshots in comic panel layout (Requirement 12.2)","invocations":1,"location":null,"numPassingAsserts":4,"retryReasons":[],"startAt":1774080627475,"status":"passed","title":"should arrange screenshots in comic panel layout (Requirement 12.2)"},{"ancestorTitles":["ProjectDetail","Requirements Validation"],"duration":22,"failing":false,"failureDetails":[],"failureMessages":[],"fullName":"ProjectDetail Requirements Validation should display challenges, learnings, and impact as power stats (Requirement 12.3)","invocations":1,"location":null,"numPassingAsserts":15,"retryReasons":[],"startAt":1774080627493,"status":"passed","title":"should display challenges, learnings, and impact as power stats (Requirement 12.3)"}],"endTime":1774080627517,"message":"","name":"C:\\Users\\echob\\OneDrive\\Desktop\\New folder\\Port1\\components\\projects\\ProjectDetail.test.tsx","startTime":1774080626915,"status":"passed","summary":""},{"assertionResults":[{"ancestorTitles":["SkillsPanel","Component Rendering"],"duration":55,"failing":false,"failureDetails":[],"failureMessages":[],"fullName":"SkillsPanel Component Rendering renders without crashing","invocations":1,"location":null,"numPassingAsserts":1,"retryReasons":[],"startAt":1774080627714,"status":"passed","title":"renders without crashing"},{"ancestorTitles":["SkillsPanel","Component Rendering"],"duration":10,"failing":false,"failureDetails":[],"failureMessages":[],"fullName":"SkillsPanel Component Rendering renders the main header","invocations":1,"location":null,"numPassingAsserts":1,"retryReasons":[],"startAt":1774080627770,"status":"passed","title":"renders the main header"},{"ancestorTitles":["SkillsPanel","Component Rendering"],"duration":5,"failing":false,"failureDetails":[],"failureMessages":[],"fullName":"SkillsPanel Component Rendering renders with empty skills array","invocations":1,"location":null,"numPassingAsserts":1,"retryReasons":[],"startAt":1774080627781,"status":"passed","title":"renders with empty skills array"},{"ancestorTitles":["SkillsPanel","Component Rendering"],"duration":8,"failing":false,"failureDetails":[],"failureMessages":[],"fullName":"SkillsPanel Component Rendering renders with empty tools array","invocations":1,"location":null,"numPassingAsserts":1,"retryReasons":[],"startAt":1774080627787,"status":"passed","title":"renders with empty tools array"},{"ancestorTitles":["SkillsPanel","Component Rendering"],"duration":2,"failing":false,"failureDetails":[],"failureMessages":[],"fullName":"SkillsPanel Component Rendering renders with both empty arrays","invocations":1,"location":null,"numPassingAsserts":1,"retryReasons":[],"startAt":1774080627796,"status":"passed","title":"renders with both empty arrays"},{"ancestorTitles":["SkillsPanel","Skills Display"],"duration":27,"failing":false,"failureDetails":[],"failureMessages":[],"fullName":"SkillsPanel Skills Display renders all skill names","invocations":1,"location":null,"numPassingAsserts":6,"retryReasons":[],"startAt":1774080627799,"status":"passed","title":"renders all skill names"},{"ancestorTitles":["SkillsPanel","Skills Display"],"duration":56,"failing":false,"failureDetails":[],"failureMessages":[],"fullName":"SkillsPanel Skills Display renders skill levels","invocations":1,"location":null,"numPassingAsserts":6,"retryReasons":[],"startAt":1774080627827,"status":"passed","title":"renders skill levels"},{"ancestorTitles":["SkillsPanel","Skills Display"],"duration":34,"failing":false,"failureDetails":[],"failureMessages":[],"fullName":"SkillsPanel Skills Display renders skill icons when provided","invocations":1,"location":null,"numPassingAsserts":6,"retryReasons":[],"startAt":1774080627886,"status":"passed","title":"renders skill icons when provided"},{"ancestorTitles":["SkillsPanel","Skills Display"],"duration":7,"failing":false,"failureDetails":[],"failureMessages":[],"fullName":"SkillsPanel Skills Display renders skills without icons","invocations":1,"location":null,"numPassingAsserts":2,"retryReasons":[],"startAt":1774080627922,"status":"passed","title":"renders skills without icons"},{"ancestorTitles":["SkillsPanel","Category Grouping"],"duration":50,"failing":false,"failureDetails":[],"failureMessages":[],"fullName":"SkillsPanel Category Grouping renders all category headers","invocations":1,"location":null,"numPassingAsserts":5,"retryReasons":[],"startAt":1774080627930,"status":"passed","title":"renders all category headers"},{"ancestorTitles":["SkillsPanel","Category Grouping"],"duration":41,"failing":false,"failureDetails":[],"failureMessages":[],"fullName":"SkillsPanel Category Grouping groups skills by category correctly","invocations":1,"location":null,"numPassingAsserts":5,"retryReasons":[],"startAt":1774080627981,"status":"passed","title":"groups skills by category correctly"},{"ancestorTitles":["SkillsPanel","Category Grouping"],"duration":13,"failing":false,"failureDetails":[],"failureMessages":[],"fullName":"SkillsPanel Category Grouping does not render empty categories","invocations":1,"location":null,"numPassingAsserts":5,"retryReasons":[],"startAt":1774080628023,"status":"passed","title":"does not render empty categories"},{"ancestorTitles":["SkillsPanel","Category Grouping"],"duration":42,"failing":false,"failureDetails":[],"failureMessages":[],"fullName":"SkillsPanel Category Grouping renders categories in correct order","invocations":1,"location":null,"numPassingAsserts":5,"retryReasons":[],"startAt":1774080628038,"status":"passed","title":"renders categories in correct order"},{"ancestorTitles":["SkillsPanel","Tools Display"],"duration":16,"failing":false,"failureDetails":[],"failureMessages":[],"fullName":"SkillsPanel Tools Display renders tools section header","invocations":1,"location":null,"numPassingAsserts":1,"retryReasons":[],"startAt":1774080628083,"status":"passed","title":"renders tools section header"},{"ancestorTitles":["SkillsPanel","Tools Display"],"duration":28,"failing":false,"failureDetails":[],"failureMessages":[],"fullName":"SkillsPanel Tools Display renders all tool names","invocations":1,"location":null,"numPassingAsserts":4,"retryReasons":[],"startAt":1774080628100,"status":"passed","title":"renders all tool names"},{"ancestorTitles":["SkillsPanel","Tools Display"],"duration":28,"failing":false,"failureDetails":[],"failureMessages":[],"fullName":"SkillsPanel Tools Display renders tool categories","invocations":1,"location":null,"numPassingAsserts":4,"retryReasons":[],"startAt":1774080628129,"status":"passed","title":"renders tool categories"},{"ancestorTitles":["SkillsPanel","Tools Display"],"duration":24,"failing":false,"failureDetails":[],"failureMessages":[],"fullName":"SkillsPanel Tools Display does not render tools section when tools array is empty","invocations":1,"location":null,"numPassingAsserts":1,"retryReasons":[],"startAt":1774080628158,"status":"passed","title":"does not render tools section when tools array is empty"},{"ancestorTitles":["SkillsPanel","Tools Display"],"duration":32,"failing":false,"failureDetails":[],"failureMessages":[],"fullName":"SkillsPanel Tools Display groups tools by category","invocations":1,"location":null,"numPassingAsserts":4,"retryReasons":[],"startAt":1774080628183,"status":"passed","title":"groups tools by category"},{"ancestorTitles":["SkillsPanel","Stat Bar Rendering"],"duration":19,"failing":false,"failureDetails":[],"failureMessages":[],"fullName":"SkillsPanel Stat Bar Rendering renders stat bars for all skills","invocations":1,"location":null,"numPassingAsserts":1,"retryReasons":[],"startAt":1774080628216,"status":"passed","title":"renders stat bars for all skills"},{"ancestorTitles":["SkillsPanel","Stat Bar Rendering"],"duration":26,"failing":false,"failureDetails":[],"failureMessages":[],"fullName":"SkillsPanel Stat Bar Rendering renders halftone background pattern in stat bars","invocations":1,"location":null,"numPassingAsserts":1,"retryReasons":[],"startAt":1774080628237,"status":"passed","title":"renders halftone background pattern in stat bars"},{"ancestorTitles":["SkillsPanel","Accessibility"],"duration":37,"failing":false,"failureDetails":[],"failureMessages":[],"fullName":"SkillsPanel Accessibility uses semantic heading hierarchy","invocations":1,"location":null,"numPassingAsserts":2,"retryReasons":[],"startAt":1774080628264,"status":"passed","title":"uses semantic heading hierarchy"},{"ancestorTitles":["SkillsPanel","Accessibility"],"duration":20,"failing":false,"failureDetails":[],"failureMessages":[],"fullName":"SkillsPanel Accessibility uses tabular-nums for level display","invocations":1,"location":null,"numPassingAsserts":1,"retryReasons":[],"startAt":1774080628306,"status":"passed","title":"uses tabular-nums for level display"},{"ancestorTitles":["SkillsPanel","Edge Cases"],"duration":5,"failing":false,"failureDetails":[],"failureMessages":[],"fullName":"SkillsPanel Edge Cases handles skill with level 0","invocations":1,"location":null,"numPassingAsserts":1,"retryReasons":[],"startAt":1774080628327,"status":"passed","title":"handles skill with level 0"},{"ancestorTitles":["SkillsPanel","Edge Cases"],"duration":9,"failing":false,"failureDetails":[],"failureMessages":[],"fullName":"SkillsPanel Edge Cases handles skill with level 100","invocations":1,"location":null,"numPassingAsserts":1,"retryReasons":[],"startAt":1774080628333,"status":"passed","title":"handles skill with level 100"},{"ancestorTitles":["SkillsPanel","Edge Cases"],"duration":6,"failing":false,"failureDetails":[],"failureMessages":[],"fullName":"SkillsPanel Edge Cases handles very long skill names","invocations":1,"location":null,"numPassingAsserts":1,"retryReasons":[],"startAt":1774080628343,"status":"passed","title":"handles very long skill names"},{"ancestorTitles":["SkillsPanel","Edge Cases"],"duration":21,"failing":false,"failureDetails":[],"failureMessages":[],"fullName":"SkillsPanel Edge Cases handles very long tool names","invocations":1,"location":null,"numPassingAsserts":1,"retryReasons":[],"startAt":1774080628350,"status":"passed","title":"handles very long tool names"},{"ancestorTitles":["SkillsPanel","Edge Cases"],"duration":7,"failing":false,"failureDetails":[],"failureMessages":[],"fullName":"SkillsPanel Edge Cases handles multiple skills with same level","invocations":1,"location":null,"numPassingAsserts":1,"retryReasons":[],"startAt":1774080628372,"status":"passed","title":"handles multiple skills with same level"},{"ancestorTitles":["SkillsPanel","Responsive Design"],"duration":31,"failing":false,"failureDetails":[],"failureMessages":[],"fullName":"SkillsPanel Responsive Design applies responsive text sizing classes","invocations":1,"location":null,"numPassingAsserts":1,"retryReasons":[],"startAt":1774080628380,"status":"passed","title":"applies responsive text sizing classes"},{"ancestorTitles":["SkillsPanel","Responsive Design"],"duration":30,"failing":false,"failureDetails":[],"failureMessages":[],"fullName":"SkillsPanel Responsive Design applies responsive spacing classes","invocations":1,"location":null,"numPassingAsserts":1,"retryReasons":[],"startAt":1774080628413,"status":"passed","title":"applies responsive spacing classes"}],"endTime":1774080628448,"message":"","name":"C:\\Users\\echob\\OneDrive\\Desktop\\New folder\\Port1\\components\\about\\SkillsPanel.test.tsx","startTime":1774080627551,"status":"passed","summary":""},{"assertionResults":[{"ancestorTitles":["SocialLinks","Email Display"],"duration":24,"failing":false,"failureDetails":[],"failureMessages":[],"fullName":"SocialLinks Email Display displays email in typewriter-style text when provided","invocations":1,"location":null,"numPassingAsserts":2,"retryReasons":[],"startAt":1774080628812,"status":"passed","title":"displays email in typewriter-style text when provided"},{"ancestorTitles":["SocialLinks","Email Display"],"duration":5,"failing":false,"failureDetails":[],"failureMessages":[],"fullName":"SocialLinks Email Display displays email section header","invocations":1,"location":null,"numPassingAsserts":1,"retryReasons":[],"startAt":1774080628837,"status":"passed","title":"displays email section header"},{"ancestorTitles":["SocialLinks","Email Display"],"duration":16,"failing":false,"failureDetails":[],"failureMessages":[],"fullName":"SocialLinks Email Display does not display email section when email is not provided","invocations":1,"location":null,"numPassingAsserts":1,"retryReasons":[],"startAt":1774080628843,"status":"passed","title":"does not display email section when email is not provided"},{"ancestorTitles":["SocialLinks","Email Display"],"duration":5,"failing":false,"failureDetails":[],"failureMessages":[],"fullName":"SocialLinks Email Display handles long email addresses with break-all styling","invocations":1,"location":null,"numPassingAsserts":1,"retryReasons":[],"startAt":1774080628860,"status":"passed","title":"handles long email addresses with break-all styling"},{"ancestorTitles":["SocialLinks","Social Links Display"],"duration":18,"failing":false,"failureDetails":[],"failureMessages":[],"fullName":"SocialLinks Social Links Display displays all provided social links as manga badges","invocations":1,"location":null,"numPassingAsserts":3,"retryReasons":[],"startAt":1774080628866,"status":"passed","title":"displays all provided social links as manga badges"},{"ancestorTitles":["SocialLinks","Social Links Display"],"duration":17,"failing":false,"failureDetails":[],"failureMessages":[],"fullName":"SocialLinks Social Links Display displays platform labels and usernames","invocations":1,"location":null,"numPassingAsserts":4,"retryReasons":[],"startAt":1774080628885,"status":"passed","title":"displays platform labels and usernames"},{"ancestorTitles":["SocialLinks","Social Links Display"],"duration":13,"failing":false,"failureDetails":[],"failureMessages":[],"fullName":"SocialLinks Social Links Display opens links in new tab with security attributes","invocations":1,"location":null,"numPassingAsserts":3,"retryReasons":[],"startAt":1774080628903,"status":"passed","title":"opens links in new tab with security attributes"},{"ancestorTitles":["SocialLinks","Social Links Display"],"duration":5,"failing":false,"failureDetails":[],"failureMessages":[],"fullName":"SocialLinks Social Links Display does not display social section when no links provided","invocations":1,"location":null,"numPassingAsserts":1,"retryReasons":[],"startAt":1774080628916,"status":"passed","title":"does not display social section when no links provided"},{"ancestorTitles":["SocialLinks","Social Links Display"],"duration":12,"failing":false,"failureDetails":[],"failureMessages":[],"fullName":"SocialLinks Social Links Display applies manga badge styling to social links","invocations":1,"location":null,"numPassingAsserts":1,"retryReasons":[],"startAt":1774080628922,"status":"passed","title":"applies manga badge styling to social links"},{"ancestorTitles":["SocialLinks","Location Display"],"duration":8,"failing":false,"failureDetails":[],"failureMessages":[],"fullName":"SocialLinks Location Display displays location with map marker icon when provided","invocations":1,"location":null,"numPassingAsserts":2,"retryReasons":[],"startAt":1774080628937,"status":"passed","title":"displays location with map marker icon when provided"},{"ancestorTitles":["SocialLinks","Location Display"],"duration":5,"failing":false,"failureDetails":[],"failureMessages":[],"fullName":"SocialLinks Location Display does not display location section when location is not provided","invocations":1,"location":null,"numPassingAsserts":1,"retryReasons":[],"startAt":1774080628946,"status":"passed","title":"does not display location section when location is not provided"},{"ancestorTitles":["SocialLinks","Hover Effects"],"duration":7,"failing":false,"failureDetails":[],"failureMessages":[],"fullName":"SocialLinks Hover Effects applies hover styles to social link badges","invocations":1,"location":null,"numPassingAsserts":3,"retryReasons":[],"startAt":1774080628952,"status":"passed","title":"applies hover styles to social link badges"},{"ancestorTitles":["SocialLinks","Hover Effects"],"duration":6,"failing":false,"failureDetails":[],"failureMessages":[],"fullName":"SocialLinks Hover Effects applies hover styles to email link","invocations":1,"location":null,"numPassingAsserts":1,"retryReasons":[],"startAt":1774080628960,"status":"passed","title":"applies hover styles to email link"},{"ancestorTitles":["SocialLinks","Responsive Layout"],"duration":15,"failing":false,"failureDetails":[],"failureMessages":[],"fullName":"SocialLinks Responsive Layout uses responsive grid for social links","invocations":1,"location":null,"numPassingAsserts":1,"retryReasons":[],"startAt":1774080628967,"status":"passed","title":"uses responsive grid for social links"},{"ancestorTitles":["SocialLinks","Accessibility"],"duration":22,"failing":false,"failureDetails":[],"failureMessages":[],"fullName":"SocialLinks Accessibility provides descriptive aria-labels for social links","invocations":1,"location":null,"numPassingAsserts":3,"retryReasons":[],"startAt":1774080628984,"status":"passed","title":"provides descriptive aria-labels for social links"},{"ancestorTitles":["SocialLinks","Accessibility"],"duration":7,"failing":false,"failureDetails":[],"failureMessages":[],"fullName":"SocialLinks Accessibility uses semantic HTML for email link","invocations":1,"location":null,"numPassingAsserts":1,"retryReasons":[],"startAt":1774080629007,"status":"passed","title":"uses semantic HTML for email link"},{"ancestorTitles":["SocialLinks","Component Header"],"duration":9,"failing":false,"failureDetails":[],"failureMessages":[],"fullName":"SocialLinks Component Header displays section header and description","invocations":1,"location":null,"numPassingAsserts":2,"retryReasons":[],"startAt":1774080629015,"status":"passed","title":"displays section header and description"},{"ancestorTitles":["SocialLinks","Empty State"],"duration":4,"failing":false,"failureDetails":[],"failureMessages":[],"fullName":"SocialLinks Empty State renders component with header even when no data provided","invocations":1,"location":null,"numPassingAsserts":1,"retryReasons":[],"startAt":1774080629025,"status":"passed","title":"renders component with header even when no data provided"},{"ancestorTitles":["SocialLinks","Requirements Validation"],"duration":7,"failing":false,"failureDetails":[],"failureMessages":[],"fullName":"SocialLinks Requirements Validation validates Requirement 15.1: displays email in typewriter-style text","invocations":1,"location":null,"numPassingAsserts":1,"retryReasons":[],"startAt":1774080629030,"status":"passed","title":"validates Requirement 15.1: displays email in typewriter-style text"},{"ancestorTitles":["SocialLinks","Requirements Validation"],"duration":13,"failing":false,"failureDetails":[],"failureMessages":[],"fullName":"SocialLinks Requirements Validation validates Requirement 15.2: displays social links as manga badge style icons","invocations":1,"location":null,"numPassingAsserts":3,"retryReasons":[],"startAt":1774080629038,"status":"passed","title":"validates Requirement 15.2: displays social links as manga badge style icons"},{"ancestorTitles":["SocialLinks","Requirements Validation"],"duration":14,"failing":false,"failureDetails":[],"failureMessages":[],"fullName":"SocialLinks Requirements Validation validates Requirement 15.3: opens social links in new tab","invocations":1,"location":null,"numPassingAsserts":6,"retryReasons":[],"startAt":1774080629052,"status":"passed","title":"validates Requirement 15.3: opens social links in new tab"},{"ancestorTitles":["SocialLinks","Requirements Validation"],"duration":8,"failing":false,"failureDetails":[],"failureMessages":[],"fullName":"SocialLinks Requirements Validation validates Requirement 15.4: displays location with map marker icon when provided","invocations":1,"location":null,"numPassingAsserts":2,"retryReasons":[],"startAt":1774080629067,"status":"passed","title":"validates Requirement 15.4: displays location with map marker icon when provided"},{"ancestorTitles":["SocialLinks","Requirements Validation"],"duration":8,"failing":false,"failureDetails":[],"failureMessages":[],"fullName":"SocialLinks Requirements Validation validates Requirement 22.2: includes hover ink splash effects","invocations":1,"location":null,"numPassingAsserts":3,"retryReasons":[],"startAt":1774080629076,"status":"passed","title":"validates Requirement 22.2: includes hover ink splash effects"}],"endTime":1774080629087,"message":"","name":"C:\\Users\\echob\\OneDrive\\Desktop\\New folder\\Port1\\components\\contact\\SocialLinks.test.tsx","startTime":1774080628474,"status":"passed","summary":""},{"assertionResults":[{"ancestorTitles":["ProjectGrid","Rendering"],"duration":49,"failing":false,"failureDetails":[],"failureMessages":[],"fullName":"ProjectGrid Rendering renders projects in a grid layout","invocations":1,"location":null,"numPassingAsserts":3,"retryReasons":[],"startAt":1774080629408,"status":"passed","title":"renders projects in a grid layout"},{"ancestorTitles":["ProjectGrid","Rendering"],"duration":23,"failing":false,"failureDetails":[],"failureMessages":[],"fullName":"ProjectGrid Rendering displays project titles","invocations":1,"location":null,"numPassingAsserts":3,"retryReasons":[],"startAt":1774080629458,"status":"passed","title":"displays project titles"},{"ancestorTitles":["ProjectGrid","Rendering"],"duration":20,"failing":false,"failureDetails":[],"failureMessages":[],"fullName":"ProjectGrid Rendering displays project descriptions","invocations":1,"location":null,"numPassingAsserts":3,"retryReasons":[],"startAt":1774080629482,"status":"passed","title":"displays project descriptions"},{"ancestorTitles":["ProjectGrid","Rendering"],"duration":16,"failing":false,"failureDetails":[],"failureMessages":[],"fullName":"ProjectGrid Rendering displays tech stack badges","invocations":1,"location":null,"numPassingAsserts":3,"retryReasons":[],"startAt":1774080629502,"status":"passed","title":"displays tech stack badges"},{"ancestorTitles":["ProjectGrid","Rendering"],"duration":12,"failing":false,"failureDetails":[],"failureMessages":[],"fullName":"ProjectGrid Rendering limits tech stack display to 3 items with overflow indicator","invocations":1,"location":null,"numPassingAsserts":3,"retryReasons":[],"startAt":1774080629519,"status":"passed","title":"limits tech stack display to 3 items with overflow indicator"},{"ancestorTitles":["ProjectGrid","Empty State"],"duration":2,"failing":false,"failureDetails":[],"failureMessages":[],"fullName":"ProjectGrid Empty State displays empty state when no projects provided","invocations":1,"location":null,"numPassingAsserts":2,"retryReasons":[],"startAt":1774080629532,"status":"passed","title":"displays empty state when no projects provided"},{"ancestorTitles":["ProjectGrid","Empty State"],"duration":2,"failing":false,"failureDetails":[],"failureMessages":[],"fullName":"ProjectGrid Empty State does not display grid when projects array is empty","invocations":1,"location":null,"numPassingAsserts":1,"retryReasons":[],"startAt":1774080629535,"status":"passed","title":"does not display grid when projects array is empty"},{"ancestorTitles":["ProjectGrid","Responsive Layout"],"duration":11,"failing":false,"failureDetails":[],"failureMessages":[],"fullName":"ProjectGrid Responsive Layout applies responsive grid classes","invocations":1,"location":null,"numPassingAsserts":3,"retryReasons":[],"startAt":1774080629538,"status":"passed","title":"applies responsive grid classes"},{"ancestorTitles":["ProjectGrid","Responsive Layout"],"duration":11,"failing":false,"failureDetails":[],"failureMessages":[],"fullName":"ProjectGrid Responsive Layout applies gap spacing between grid items","invocations":1,"location":null,"numPassingAsserts":1,"retryReasons":[],"startAt":1774080629549,"status":"passed","title":"applies gap spacing between grid items"},{"ancestorTitles":["ProjectGrid","Accessibility"],"duration":16,"failing":false,"failureDetails":[],"failureMessages":[],"fullName":"ProjectGrid Accessibility has proper ARIA labels","invocations":1,"location":null,"numPassingAsserts":1,"retryReasons":[],"startAt":1774080629560,"status":"passed","title":"has proper ARIA labels"},{"ancestorTitles":["ProjectGrid","Accessibility"],"duration":12,"failing":false,"failureDetails":[],"failureMessages":[],"fullName":"ProjectGrid Accessibility renders semantic HTML structure","invocations":1,"location":null,"numPassingAsserts":1,"retryReasons":[],"startAt":1774080629577,"status":"passed","title":"renders semantic HTML structure"},{"ancestorTitles":["ProjectGrid","Animation"],"duration":9,"failing":false,"failureDetails":[],"failureMessages":[],"fullName":"ProjectGrid Animation applies animation container classes","invocations":1,"location":null,"numPassingAsserts":1,"retryReasons":[],"startAt":1774080629589,"status":"passed","title":"applies animation container classes"},{"ancestorTitles":["ProjectGrid","Animation"],"duration":12,"failing":false,"failureDetails":[],"failureMessages":[],"fullName":"ProjectGrid Animation wraps each project in motion div for staggered animation","invocations":1,"location":null,"numPassingAsserts":1,"retryReasons":[],"startAt":1774080629599,"status":"passed","title":"wraps each project in motion div for staggered animation"},{"ancestorTitles":["ProjectGrid","Edge Cases"],"duration":7,"failing":false,"failureDetails":[],"failureMessages":[],"fullName":"ProjectGrid Edge Cases handles single project","invocations":1,"location":null,"numPassingAsserts":2,"retryReasons":[],"startAt":1774080629612,"status":"passed","title":"handles single project"},{"ancestorTitles":["ProjectGrid","Edge Cases"],"duration":6,"failing":false,"failureDetails":[],"failureMessages":[],"fullName":"ProjectGrid Edge Cases handles projects with no tech stack","invocations":1,"location":null,"numPassingAsserts":1,"retryReasons":[],"startAt":1774080629619,"status":"passed","title":"handles projects with no tech stack"},{"ancestorTitles":["ProjectGrid","Edge Cases"],"duration":4,"failing":false,"failureDetails":[],"failureMessages":[],"fullName":"ProjectGrid Edge Cases handles projects with long descriptions","invocations":1,"location":null,"numPassingAsserts":1,"retryReasons":[],"startAt":1774080629626,"status":"passed","title":"handles projects with long descriptions"},{"ancestorTitles":["ProjectGrid","Edge Cases"],"duration":8,"failing":false,"failureDetails":[],"failureMessages":[],"fullName":"ProjectGrid Edge Cases handles projects with long titles","invocations":1,"location":null,"numPassingAsserts":1,"retryReasons":[],"startAt":1774080629630,"status":"passed","title":"handles projects with long titles"}],"endTime":1774080629640,"message":"","name":"C:\\Users\\echob\\OneDrive\\Desktop\\New folder\\Port1\\components\\projects\\ProjectGrid.test.tsx","startTime":1774080629105,"status":"passed","summary":""},{"assertionResults":[{"ancestorTitles":["Timeline"],"duration":78,"failing":false,"failureDetails":[],"failureMessages":[],"fullName":"Timeline renders timeline header","invocations":1,"location":null,"numPassingAsserts":1,"retryReasons":[],"startAt":1774080629794,"status":"passed","title":"renders timeline header"},{"ancestorTitles":["Timeline"],"duration":11,"failing":false,"failureDetails":[],"failureMessages":[],"fullName":"Timeline displays all timeline events","invocations":1,"location":null,"numPassingAsserts":3,"retryReasons":[],"startAt":1774080629872,"status":"passed","title":"displays all timeline events"},{"ancestorTitles":["Timeline"],"duration":16,"failing":false,"failureDetails":[],"failureMessages":[],"fullName":"Timeline displays event descriptions","invocations":1,"location":null,"numPassingAsserts":3,"retryReasons":[],"startAt":1774080629883,"status":"passed","title":"displays event descriptions"},{"ancestorTitles":["Timeline"],"duration":14,"failing":false,"failureDetails":[],"failureMessages":[],"fullName":"Timeline displays event dates in correct format","invocations":1,"location":null,"numPassingAsserts":3,"retryReasons":[],"startAt":1774080629900,"status":"passed","title":"displays event dates in correct format"},{"ancestorTitles":["Timeline"],"duration":17,"failing":false,"failureDetails":[],"failureMessages":[],"fullName":"Timeline displays event types correctly","invocations":1,"location":null,"numPassingAsserts":2,"retryReasons":[],"startAt":1774080629914,"status":"passed","title":"displays event types correctly"},{"ancestorTitles":["Timeline"],"duration":13,"failing":false,"failureDetails":[],"failureMessages":[],"fullName":"Timeline displays organization information when provided","invocations":1,"location":null,"numPassingAsserts":2,"retryReasons":[],"startAt":1774080629932,"status":"passed","title":"displays organization information when provided"},{"ancestorTitles":["Timeline"],"duration":11,"failing":false,"failureDetails":[],"failureMessages":[],"fullName":"Timeline displays location information when provided","invocations":1,"location":null,"numPassingAsserts":2,"retryReasons":[],"startAt":1774080629946,"status":"passed","title":"displays location information when provided"},{"ancestorTitles":["Timeline"],"duration":10,"failing":false,"failureDetails":[],"failureMessages":[],"fullName":"Timeline applies \"Flashback\" styling to past events","invocations":1,"location":null,"numPassingAsserts":1,"retryReasons":[],"startAt":1774080629958,"status":"passed","title":"applies \"Flashback\" styling to past events"},{"ancestorTitles":["Timeline"],"duration":4,"failing":false,"failureDetails":[],"failureMessages":[],"fullName":"Timeline does not apply \"Flashback\" styling to current events","invocations":1,"location":null,"numPassingAsserts":1,"retryReasons":[],"startAt":1774080629969,"status":"passed","title":"does not apply \"Flashback\" styling to current events"},{"ancestorTitles":["Timeline"],"duration":14,"failing":false,"failureDetails":[],"failureMessages":[],"fullName":"Timeline sorts events chronologically (oldest first)","invocations":1,"location":null,"numPassingAsserts":6,"retryReasons":[],"startAt":1774080629974,"status":"passed","title":"sorts events chronologically (oldest first)"},{"ancestorTitles":["Timeline"],"duration":7,"failing":false,"failureDetails":[],"failureMessages":[],"fullName":"Timeline handles events without organization or location","invocations":1,"location":null,"numPassingAsserts":2,"retryReasons":[],"startAt":1774080629989,"status":"passed","title":"handles events without organization or location"},{"ancestorTitles":["Timeline"],"duration":17,"failing":false,"failureDetails":[],"failureMessages":[],"fullName":"Timeline displays correct icons for different event types","invocations":1,"location":null,"numPassingAsserts":4,"retryReasons":[],"startAt":1774080629996,"status":"passed","title":"displays correct icons for different event types"},{"ancestorTitles":["Timeline"],"duration":4,"failing":false,"failureDetails":[],"failureMessages":[],"fullName":"Timeline renders empty timeline when no events provided","invocations":1,"location":null,"numPassingAsserts":2,"retryReasons":[],"startAt":1774080630016,"status":"passed","title":"renders empty timeline when no events provided"},{"ancestorTitles":["Timeline"],"duration":7,"failing":false,"failureDetails":[],"failureMessages":[],"fullName":"Timeline handles single event correctly","invocations":1,"location":null,"numPassingAsserts":3,"retryReasons":[],"startAt":1774080630021,"status":"passed","title":"handles single event correctly"},{"ancestorTitles":["Timeline"],"duration":10,"failing":false,"failureDetails":[],"failureMessages":[],"fullName":"Timeline applies responsive classes for mobile and desktop layouts","invocations":1,"location":null,"numPassingAsserts":2,"retryReasons":[],"startAt":1774080630029,"status":"passed","title":"applies responsive classes for mobile and desktop layouts"}],"endTime":1774080630041,"message":"","name":"C:\\Users\\echob\\OneDrive\\Desktop\\New folder\\Port1\\components\\about\\Timeline.test.tsx","startTime":1774080629657,"status":"passed","summary":""},{"assertionResults":[{"ancestorTitles":["Navigation"],"duration":59,"failing":false,"failureDetails":[],"failureMessages":[],"fullName":"Navigation calls scrollToPanel instead of routing when horizontal mode is active","invocations":1,"location":null,"numPassingAsserts":1,"retryReasons":[],"startAt":1774080630264,"status":"passed","title":"calls scrollToPanel instead of routing when horizontal mode is active"},{"ancestorTitles":["Navigation"],"duration":75,"failing":false,"failureDetails":[],"failureMessages":[],"fullName":"Navigation does not attempt panel scroll when horizontal mode is active but handler is not ready","invocations":1,"location":null,"numPassingAsserts":1,"retryReasons":[],"startAt":1774080630323,"status":"passed","title":"does not attempt panel scroll when horizontal mode is active but handler is not ready"}],"endTime":1774080630400,"message":"","name":"C:\\Users\\echob\\OneDrive\\Desktop\\New folder\\Port1\\components\\layout\\Navigation.test.tsx","startTime":1774080630053,"status":"passed","summary":""},{"assertionResults":[{"ancestorTitles":["horizontal-scroll properties"],"duration":11,"failing":false,"failureDetails":[],"failureMessages":[],"fullName":"horizontal-scroll properties P1: container width is N * viewport width","invocations":1,"location":null,"numPassingAsserts":100,"retryReasons":[],"startAt":1774080630598,"status":"passed","title":"P1: container width is N * viewport width"},{"ancestorTitles":["horizontal-scroll properties"],"duration":13,"failing":false,"failureDetails":[],"failureMessages":[],"fullName":"horizontal-scroll properties P2: clamped index always remains in [0, N-1]","invocations":1,"location":null,"numPassingAsserts":200,"retryReasons":[],"startAt":1774080630610,"status":"passed","title":"P2: clamped index always remains in [0, N-1]"},{"ancestorTitles":["horizontal-scroll properties"],"duration":5,"failing":false,"failureDetails":[],"failureMessages":[],"fullName":"horizontal-scroll properties P3: toggling direction twice returns original","invocations":1,"location":null,"numPassingAsserts":100,"retryReasons":[],"startAt":1774080630623,"status":"passed","title":"P3: toggling direction twice returns original"},{"ancestorTitles":["horizontal-scroll properties"],"duration":11,"failing":false,"failureDetails":[],"failureMessages":[],"fullName":"horizontal-scroll properties P3b: directional delta flips sign only in RTL","invocations":1,"location":null,"numPassingAsserts":200,"retryReasons":[],"startAt":1774080630629,"status":"passed","title":"P3b: directional delta flips sign only in RTL"},{"ancestorTitles":["horizontal-scroll properties"],"duration":7,"failing":false,"failureDetails":[],"failureMessages":[],"fullName":"horizontal-scroll properties P4: writing then reading direction returns same value","invocations":1,"location":null,"numPassingAsserts":100,"retryReasons":[],"startAt":1774080630640,"status":"passed","title":"P4: writing then reading direction returns same value"},{"ancestorTitles":["horizontal-scroll properties"],"duration":26,"failing":false,"failureDetails":[],"failureMessages":[],"fullName":"horizontal-scroll properties P5: navigator label, dots, and disabled states remain consistent","invocations":1,"location":null,"numPassingAsserts":400,"retryReasons":[],"startAt":1774080630647,"status":"passed","title":"P5: navigator label, dots, and disabled states remain consistent"},{"ancestorTitles":["horizontal-scroll properties"],"duration":7,"failing":false,"failureDetails":[],"failureMessages":[],"fullName":"horizontal-scroll properties P6: reduced motion forces zero-duration overlay","invocations":1,"location":null,"numPassingAsserts":100,"retryReasons":[],"startAt":1774080630673,"status":"passed","title":"P6: reduced motion forces zero-duration overlay"},{"ancestorTitles":["horizontal-scroll properties"],"duration":10,"failing":false,"failureDetails":[],"failureMessages":[],"fullName":"horizontal-scroll properties P7: downward scroll advances only at bottom and upward only at top","invocations":1,"location":null,"numPassingAsserts":200,"retryReasons":[],"startAt":1774080630680,"status":"passed","title":"P7: downward scroll advances only at bottom and upward only at top"},{"ancestorTitles":["horizontal-scroll properties"],"duration":6,"failing":false,"failureDetails":[],"failureMessages":[],"fullName":"horizontal-scroll properties P8: active link index maps to panel index","invocations":1,"location":null,"numPassingAsserts":100,"retryReasons":[],"startAt":1774080630691,"status":"passed","title":"P8: active link index maps to panel index"},{"ancestorTitles":["horizontal-scroll properties"],"duration":19,"failing":false,"failureDetails":[],"failureMessages":[],"fullName":"horizontal-scroll properties P8b: scroll-left mapping round-trips index in both directions","invocations":1,"location":null,"numPassingAsserts":392,"retryReasons":[],"startAt":1774080630698,"status":"passed","title":"P8b: scroll-left mapping round-trips index in both directions"},{"ancestorTitles":["horizontal-scroll properties"],"duration":9,"failing":false,"failureDetails":[],"failureMessages":[],"fullName":"horizontal-scroll properties P9: arrow key events from form fields are ignored","invocations":1,"location":null,"numPassingAsserts":100,"retryReasons":[],"startAt":1774080630718,"status":"passed","title":"P9: arrow key events from form fields are ignored"},{"ancestorTitles":["horizontal-scroll properties"],"duration":4,"failing":false,"failureDetails":[],"failureMessages":[],"fullName":"horizontal-scroll properties P10: Lenis runs iff horizontal mode is inactive","invocations":1,"location":null,"numPassingAsserts":100,"retryReasons":[],"startAt":1774080630728,"status":"passed","title":"P10: Lenis runs iff horizontal mode is inactive"}],"endTime":1774080630733,"message":"","name":"C:\\Users\\echob\\OneDrive\\Desktop\\New folder\\Port1\\components\\horizontal-scroll\\horizontal-scroll.properties.test.ts","startTime":1774080630422,"status":"passed","summary":""},{"assertionResults":[{"ancestorTitles":["FeaturedProjects","Content Rendering - Requirements 4.1, 4.2"],"duration":32,"failing":false,"failureDetails":[],"failureMessages":[],"fullName":"FeaturedProjects Content Rendering - Requirements 4.1, 4.2 displays the \"Featured Work\" chapter header","invocations":1,"location":null,"numPassingAsserts":2,"retryReasons":[],"startAt":1774080630943,"status":"passed","title":"displays the \"Featured Work\" chapter header"},{"ancestorTitles":["FeaturedProjects","Content Rendering - Requirements 4.1, 4.2"],"duration":15,"failing":false,"failureDetails":[],"failureMessages":[],"fullName":"FeaturedProjects Content Rendering - Requirements 4.1, 4.2 displays all featured projects","invocations":1,"location":null,"numPassingAsserts":3,"retryReasons":[],"startAt":1774080630978,"status":"passed","title":"displays all featured projects"},{"ancestorTitles":["FeaturedProjects","Content Rendering - Requirements 4.1, 4.2"],"duration":7,"failing":false,"failureDetails":[],"failureMessages":[],"fullName":"FeaturedProjects Content Rendering - Requirements 4.1, 4.2 displays project descriptions","invocations":1,"location":null,"numPassingAsserts":3,"retryReasons":[],"startAt":1774080630994,"status":"passed","title":"displays project descriptions"},{"ancestorTitles":["FeaturedProjects","Content Rendering - Requirements 4.1, 4.2"],"duration":7,"failing":false,"failureDetails":[],"failureMessages":[],"fullName":"FeaturedProjects Content Rendering - Requirements 4.1, 4.2 displays tech stack badges for each project","invocations":1,"location":null,"numPassingAsserts":4,"retryReasons":[],"startAt":1774080631001,"status":"passed","title":"displays tech stack badges for each project"},{"ancestorTitles":["FeaturedProjects","Content Rendering - Requirements 4.1, 4.2"],"duration":6,"failing":false,"failureDetails":[],"failureMessages":[],"fullName":"FeaturedProjects Content Rendering - Requirements 4.1, 4.2 displays \"+X\" badge when project has more than 4 tech stack items","invocations":1,"location":null,"numPassingAsserts":3,"retryReasons":[],"startAt":1774080631009,"status":"passed","title":"displays \"+X\" badge when project has more than 4 tech stack items"},{"ancestorTitles":["FeaturedProjects","Content Rendering - Requirements 4.1, 4.2"],"duration":9,"failing":false,"failureDetails":[],"failureMessages":[],"fullName":"FeaturedProjects Content Rendering - Requirements 4.1, 4.2 displays \"View All Projects\" button","invocations":1,"location":null,"numPassingAsserts":2,"retryReasons":[],"startAt":1774080631016,"status":"passed","title":"displays \"View All Projects\" button"},{"ancestorTitles":["FeaturedProjects","Navigation - Requirement 4.4"],"duration":43,"failing":false,"failureDetails":[],"failureMessages":[],"fullName":"FeaturedProjects Navigation - Requirement 4.4 creates links to project detail pages","invocations":1,"location":null,"numPassingAsserts":3,"retryReasons":[],"startAt":1774080631026,"status":"passed","title":"creates links to project detail pages"},{"ancestorTitles":["FeaturedProjects","Navigation - Requirement 4.4"],"duration":9,"failing":false,"failureDetails":[],"failureMessages":[],"fullName":"FeaturedProjects Navigation - Requirement 4.4 makes entire project card clickable","invocations":1,"location":null,"numPassingAsserts":3,"retryReasons":[],"startAt":1774080631069,"status":"passed","title":"makes entire project card clickable"},{"ancestorTitles":["FeaturedProjects","Responsive Layout - Requirements 17.1, 19.1"],"duration":8,"failing":false,"failureDetails":[],"failureMessages":[],"fullName":"FeaturedProjects Responsive Layout - Requirements 17.1, 19.1 applies responsive grid classes","invocations":1,"location":null,"numPassingAsserts":3,"retryReasons":[],"startAt":1774080631078,"status":"passed","title":"applies responsive grid classes"},{"ancestorTitles":["FeaturedProjects","Responsive Layout - Requirements 17.1, 19.1"],"duration":7,"failing":false,"failureDetails":[],"failureMessages":[],"fullName":"FeaturedProjects Responsive Layout - Requirements 17.1, 19.1 applies 3-column layout when there are 3 featured projects","invocations":1,"location":null,"numPassingAsserts":1,"retryReasons":[],"startAt":1774080631086,"status":"passed","title":"applies 3-column layout when there are 3 featured projects"},{"ancestorTitles":["FeaturedProjects","Responsive Layout - Requirements 17.1, 19.1"],"duration":5,"failing":false,"failureDetails":[],"failureMessages":[],"fullName":"FeaturedProjects Responsive Layout - Requirements 17.1, 19.1 has responsive spacing classes","invocations":1,"location":null,"numPassingAsserts":2,"retryReasons":[],"startAt":1774080631094,"status":"passed","title":"has responsive spacing classes"},{"ancestorTitles":["FeaturedProjects","Hover Effects and Animations"],"duration":9,"failing":false,"failureDetails":[],"failureMessages":[],"fullName":"FeaturedProjects Hover Effects and Animations applies hover classes to project cards","invocations":1,"location":null,"numPassingAsserts":3,"retryReasons":[],"startAt":1774080631100,"status":"passed","title":"applies hover classes to project cards"},{"ancestorTitles":["FeaturedProjects","Hover Effects and Animations"],"duration":11,"failing":false,"failureDetails":[],"failureMessages":[],"fullName":"FeaturedProjects Hover Effects and Animations includes hover overlay with \"View Project\" text","invocations":1,"location":null,"numPassingAsserts":1,"retryReasons":[],"startAt":1774080631109,"status":"passed","title":"includes hover overlay with \"View Project\" text"},{"ancestorTitles":["FeaturedProjects","Hover Effects and Animations"],"duration":5,"failing":false,"failureDetails":[],"failureMessages":[],"fullName":"FeaturedProjects Hover Effects and Animations applies transition classes for smooth animations","invocations":1,"location":null,"numPassingAsserts":3,"retryReasons":[],"startAt":1774080631121,"status":"passed","title":"applies transition classes for smooth animations"},{"ancestorTitles":["FeaturedProjects","Visual Elements"],"duration":6,"failing":false,"failureDetails":[],"failureMessages":[],"fullName":"FeaturedProjects Visual Elements includes halftone overlay on project thumbnails","invocations":1,"location":null,"numPassingAsserts":1,"retryReasons":[],"startAt":1774080631127,"status":"passed","title":"includes halftone overlay on project thumbnails"},{"ancestorTitles":["FeaturedProjects","Visual Elements"],"duration":9,"failing":false,"failureDetails":[],"failureMessages":[],"fullName":"FeaturedProjects Visual Elements displays project initial in thumbnail placeholder","invocations":1,"location":null,"numPassingAsserts":3,"retryReasons":[],"startAt":1774080631135,"status":"passed","title":"displays project initial in thumbnail placeholder"},{"ancestorTitles":["FeaturedProjects","Visual Elements"],"duration":5,"failing":false,"failureDetails":[],"failureMessages":[],"fullName":"FeaturedProjects Visual Elements applies manga styling classes","invocations":1,"location":null,"numPassingAsserts":1,"retryReasons":[],"startAt":1774080631145,"status":"passed","title":"applies manga styling classes"},{"ancestorTitles":["FeaturedProjects","Accessibility"],"duration":6,"failing":false,"failureDetails":[],"failureMessages":[],"fullName":"FeaturedProjects Accessibility uses semantic HTML with proper heading hierarchy","invocations":1,"location":null,"numPassingAsserts":1,"retryReasons":[],"startAt":1774080631151,"status":"passed","title":"uses semantic HTML with proper heading hierarchy"},{"ancestorTitles":["FeaturedProjects","Accessibility"],"duration":7,"failing":false,"failureDetails":[],"failureMessages":[],"fullName":"FeaturedProjects Accessibility provides descriptive link text for navigation","invocations":1,"location":null,"numPassingAsserts":3,"retryReasons":[],"startAt":1774080631157,"status":"passed","title":"provides descriptive link text for navigation"},{"ancestorTitles":["FeaturedProjects","Accessibility"],"duration":5,"failing":false,"failureDetails":[],"failureMessages":[],"fullName":"FeaturedProjects Accessibility uses section element for semantic structure","invocations":1,"location":null,"numPassingAsserts":1,"retryReasons":[],"startAt":1774080631165,"status":"passed","title":"uses section element for semantic structure"},{"ancestorTitles":["FeaturedProjects","Edge Cases"],"duration":4,"failing":false,"failureDetails":[],"failureMessages":[],"fullName":"FeaturedProjects Edge Cases handles projects with exactly 4 tech stack items (no +X badge)","invocations":1,"location":null,"numPassingAsserts":0,"retryReasons":[],"startAt":1774080631171,"status":"passed","title":"handles projects with exactly 4 tech stack items (no +X badge)"},{"ancestorTitles":["FeaturedProjects","Edge Cases"],"duration":8,"failing":false,"failureDetails":[],"failureMessages":[],"fullName":"FeaturedProjects Edge Cases truncates description to 3 lines with line-clamp","invocations":1,"location":null,"numPassingAsserts":1,"retryReasons":[],"startAt":1774080631176,"status":"passed","title":"truncates description to 3 lines with line-clamp"}],"endTime":1774080631186,"message":"","name":"C:\\Users\\echob\\OneDrive\\Desktop\\New folder\\Port1\\components\\dashboard\\FeaturedProjects.test.tsx","startTime":1774080630747,"status":"passed","summary":""},{"assertionResults":[{"ancestorTitles":["ContactIntro","Component Rendering"],"duration":11,"failing":false,"failureDetails":[],"failureMessages":[],"fullName":"ContactIntro Component Rendering renders with default props","invocations":1,"location":null,"numPassingAsserts":2,"retryReasons":[],"startAt":1774080631357,"status":"passed","title":"renders with default props"},{"ancestorTitles":["ContactIntro","Component Rendering"],"duration":4,"failing":false,"failureDetails":[],"failureMessages":[],"fullName":"ContactIntro Component Rendering renders MangaPanel with correct variant and animation","invocations":1,"location":null,"numPassingAsserts":2,"retryReasons":[],"startAt":1774080631369,"status":"passed","title":"renders MangaPanel with correct variant and animation"},{"ancestorTitles":["ContactIntro","Component Rendering"],"duration":26,"failing":false,"failureDetails":[],"failureMessages":[],"fullName":"ContactIntro Component Rendering renders SpeechBubble with correct variant and tail direction","invocations":1,"location":null,"numPassingAsserts":2,"retryReasons":[],"startAt":1774080631374,"status":"passed","title":"renders SpeechBubble with correct variant and tail direction"},{"ancestorTitles":["ContactIntro","Availability Information"],"duration":5,"failing":false,"failureDetails":[],"failureMessages":[],"fullName":"ContactIntro Availability Information displays default availability message","invocations":1,"location":null,"numPassingAsserts":1,"retryReasons":[],"startAt":1774080631401,"status":"passed","title":"displays default availability message"},{"ancestorTitles":["ContactIntro","Availability Information"],"duration":4,"failing":false,"failureDetails":[],"failureMessages":[],"fullName":"ContactIntro Availability Information displays custom availability message","invocations":1,"location":null,"numPassingAsserts":1,"retryReasons":[],"startAt":1774080631407,"status":"passed","title":"displays custom availability message"},{"ancestorTitles":["ContactIntro","Preferred Contact Methods"],"duration":5,"failing":false,"failureDetails":[],"failureMessages":[],"fullName":"ContactIntro Preferred Contact Methods displays default preferred methods (email and form)","invocations":1,"location":null,"numPassingAsserts":2,"retryReasons":[],"startAt":1774080631412,"status":"passed","title":"displays default preferred methods (email and form)"},{"ancestorTitles":["ContactIntro","Preferred Contact Methods"],"duration":6,"failing":false,"failureDetails":[],"failureMessages":[],"fullName":"ContactIntro Preferred Contact Methods displays custom preferred methods","invocations":1,"location":null,"numPassingAsserts":3,"retryReasons":[],"startAt":1774080631417,"status":"passed","title":"displays custom preferred methods"},{"ancestorTitles":["ContactIntro","Preferred Contact Methods"],"duration":7,"failing":false,"failureDetails":[],"failureMessages":[],"fullName":"ContactIntro Preferred Contact Methods displays all available contact methods","invocations":1,"location":null,"numPassingAsserts":4,"retryReasons":[],"startAt":1774080631423,"status":"passed","title":"displays all available contact methods"},{"ancestorTitles":["ContactIntro","Preferred Contact Methods"],"duration":5,"failing":false,"failureDetails":[],"failureMessages":[],"fullName":"ContactIntro Preferred Contact Methods displays \"Preferred Methods:\" label when methods are provided","invocations":1,"location":null,"numPassingAsserts":1,"retryReasons":[],"startAt":1774080631430,"status":"passed","title":"displays \"Preferred Methods:\" label when methods are provided"},{"ancestorTitles":["ContactIntro","Preferred Contact Methods"],"duration":6,"failing":false,"failureDetails":[],"failureMessages":[],"fullName":"ContactIntro Preferred Contact Methods does not display methods section when empty array provided","invocations":1,"location":null,"numPassingAsserts":1,"retryReasons":[],"startAt":1774080631436,"status":"passed","title":"does not display methods section when empty array provided"},{"ancestorTitles":["ContactIntro","Preferred Contact Methods"],"duration":4,"failing":false,"failureDetails":[],"failureMessages":[],"fullName":"ContactIntro Preferred Contact Methods handles invalid method names gracefully","invocations":1,"location":null,"numPassingAsserts":1,"retryReasons":[],"startAt":1774080631442,"status":"passed","title":"handles invalid method names gracefully"},{"ancestorTitles":["ContactIntro","Manga Character Illustration"],"duration":20,"failing":false,"failureDetails":[],"failureMessages":[],"fullName":"ContactIntro Manga Character Illustration renders manga character SVG","invocations":1,"location":null,"numPassingAsserts":1,"retryReasons":[],"startAt":1774080631447,"status":"passed","title":"renders manga character SVG"},{"ancestorTitles":["ContactIntro","Manga Character Illustration"],"duration":5,"failing":false,"failureDetails":[],"failureMessages":[],"fullName":"ContactIntro Manga Character Illustration includes character elements (head, eyes, smile, body)","invocations":1,"location":null,"numPassingAsserts":3,"retryReasons":[],"startAt":1774080631467,"status":"passed","title":"includes character elements (head, eyes, smile, body)"},{"ancestorTitles":["ContactIntro","Styling and Layout"],"duration":4,"failing":false,"failureDetails":[],"failureMessages":[],"fullName":"ContactIntro Styling and Layout applies custom className","invocations":1,"location":null,"numPassingAsserts":1,"retryReasons":[],"startAt":1774080631473,"status":"passed","title":"applies custom className"},{"ancestorTitles":["ContactIntro","Styling and Layout"],"duration":4,"failing":false,"failureDetails":[],"failureMessages":[],"fullName":"ContactIntro Styling and Layout has responsive grid layout classes","invocations":1,"location":null,"numPassingAsserts":2,"retryReasons":[],"startAt":1774080631478,"status":"passed","title":"has responsive grid layout classes"},{"ancestorTitles":["ContactIntro","Requirements Validation"],"duration":5,"failing":false,"failureDetails":[],"failureMessages":[],"fullName":"ContactIntro Requirements Validation validates Requirement 14.1: displays intro panel with speech bubble containing availability","invocations":1,"location":null,"numPassingAsserts":2,"retryReasons":[],"startAt":1774080631482,"status":"passed","title":"validates Requirement 14.1: displays intro panel with speech bubble containing availability"},{"ancestorTitles":["ContactIntro","Requirements Validation"],"duration":6,"failing":false,"failureDetails":[],"failureMessages":[],"fullName":"ContactIntro Requirements Validation validates Requirement 14.2: displays preferred contact method icons","invocations":1,"location":null,"numPassingAsserts":3,"retryReasons":[],"startAt":1774080631488,"status":"passed","title":"validates Requirement 14.2: displays preferred contact method icons"},{"ancestorTitles":["ContactIntro","Edge Cases"],"duration":4,"failing":false,"failureDetails":[],"failureMessages":[],"fullName":"ContactIntro Edge Cases handles very long availability text","invocations":1,"location":null,"numPassingAsserts":1,"retryReasons":[],"startAt":1774080631495,"status":"passed","title":"handles very long availability text"},{"ancestorTitles":["ContactIntro","Edge Cases"],"duration":6,"failing":false,"failureDetails":[],"failureMessages":[],"fullName":"ContactIntro Edge Cases handles empty availability string","invocations":1,"location":null,"numPassingAsserts":1,"retryReasons":[],"startAt":1774080631500,"status":"passed","title":"handles empty availability string"},{"ancestorTitles":["ContactIntro","Edge Cases"],"duration":40,"failing":false,"failureDetails":[],"failureMessages":[],"fullName":"ContactIntro Edge Cases handles single preferred method","invocations":1,"location":null,"numPassingAsserts":2,"retryReasons":[],"startAt":1774080631506,"status":"passed","title":"handles single preferred method"}],"endTime":1774080631548,"message":"","name":"C:\\Users\\echob\\OneDrive\\Desktop\\New folder\\Port1\\components\\contact\\ContactIntro.test.tsx","startTime":1774080631199,"status":"passed","summary":""},{"assertionResults":[{"ancestorTitles":["InterestsPanel"],"duration":14,"failing":false,"failureDetails":[],"failureMessages":[],"fullName":"InterestsPanel renders the component with header","invocations":1,"location":null,"numPassingAsserts":1,"retryReasons":[],"startAt":1774080631696,"status":"passed","title":"renders the component with header"},{"ancestorTitles":["InterestsPanel"],"duration":11,"failing":false,"failureDetails":[],"failureMessages":[],"fullName":"InterestsPanel displays manga interests section","invocations":1,"location":null,"numPassingAsserts":3,"retryReasons":[],"startAt":1774080631711,"status":"passed","title":"displays manga interests section"},{"ancestorTitles":["InterestsPanel"],"duration":7,"failing":false,"failureDetails":[],"failureMessages":[],"fullName":"InterestsPanel displays anime interests section","invocations":1,"location":null,"numPassingAsserts":2,"retryReasons":[],"startAt":1774080631722,"status":"passed","title":"displays anime interests section"},{"ancestorTitles":["InterestsPanel"],"duration":10,"failing":false,"failureDetails":[],"failureMessages":[],"fullName":"InterestsPanel displays hobbies section","invocations":1,"location":null,"numPassingAsserts":3,"retryReasons":[],"startAt":1774080631729,"status":"passed","title":"displays hobbies section"},{"ancestorTitles":["InterestsPanel"],"duration":15,"failing":false,"failureDetails":[],"failureMessages":[],"fullName":"InterestsPanel displays all three sections when all types are present","invocations":1,"location":null,"numPassingAsserts":3,"retryReasons":[],"startAt":1774080631739,"status":"passed","title":"displays all three sections when all types are present"},{"ancestorTitles":["InterestsPanel"],"duration":8,"failing":false,"failureDetails":[],"failureMessages":[],"fullName":"InterestsPanel renders trading cards for manga interests","invocations":1,"location":null,"numPassingAsserts":2,"retryReasons":[],"startAt":1774080631754,"status":"passed","title":"renders trading cards for manga interests"},{"ancestorTitles":["InterestsPanel"],"duration":4,"failing":false,"failureDetails":[],"failureMessages":[],"fullName":"InterestsPanel renders trading cards for anime interests","invocations":1,"location":null,"numPassingAsserts":2,"retryReasons":[],"startAt":1774080631763,"status":"passed","title":"renders trading cards for anime interests"},{"ancestorTitles":["InterestsPanel"],"duration":3,"failing":false,"failureDetails":[],"failureMessages":[],"fullName":"InterestsPanel renders hobby cards with images","invocations":1,"location":null,"numPassingAsserts":2,"retryReasons":[],"startAt":1774080631768,"status":"passed","title":"renders hobby cards with images"},{"ancestorTitles":["InterestsPanel"],"duration":7,"failing":false,"failureDetails":[],"failureMessages":[],"fullName":"InterestsPanel displays ratings for manga/anime interests","invocations":1,"location":null,"numPassingAsserts":1,"retryReasons":[],"startAt":1774080631772,"status":"passed","title":"displays ratings for manga/anime interests"},{"ancestorTitles":["InterestsPanel"],"duration":4,"failing":false,"failureDetails":[],"failureMessages":[],"fullName":"InterestsPanel displays descriptions in hobby cards","invocations":1,"location":null,"numPassingAsserts":2,"retryReasons":[],"startAt":1774080631780,"status":"passed","title":"displays descriptions in hobby cards"},{"ancestorTitles":["InterestsPanel"],"duration":10,"failing":false,"failureDetails":[],"failureMessages":[],"fullName":"InterestsPanel renders grid layout for interests","invocations":1,"location":null,"numPassingAsserts":1,"retryReasons":[],"startAt":1774080631785,"status":"passed","title":"renders grid layout for interests"},{"ancestorTitles":["InterestsPanel"],"duration":3,"failing":fals
[...]
],"duration":2,"failing":false,"failureDetails":[],"failureMessages":[],"fullName":"MangaPanel applies shadowed variant classes","invocations":1,"location":null,"numPassingAsserts":1,"retryReasons":[],"startAt":1774080636677,"status":"passed","title":"applies shadowed variant classes"},{"ancestorTitles":["MangaPanel"],"duration":2,"failing":false,"failureDetails":[],"failureMessages":[],"fullName":"MangaPanel applies custom className","invocations":1,"location":null,"numPassingAsserts":1,"retryReasons":[],"startAt":1774080636681,"status":"passed","title":"applies custom className"},{"ancestorTitles":["MangaPanel"],"duration":3,"failing":false,"failureDetails":[],"failureMessages":[],"fullName":"MangaPanel applies responsive sizing classes","invocations":1,"location":null,"numPassingAsserts":5,"retryReasons":[],"startAt":1774080636684,"status":"passed","title":"applies responsive sizing classes"},{"ancestorTitles":["MangaPanel"],"duration":3,"failing":false,"failureDetails":[],"failureMessages":[],"fullName":"MangaPanel renders with fade animation variant","invocations":1,"location":null,"numPassingAsserts":1,"retryReasons":[],"startAt":1774080636688,"status":"passed","title":"renders with fade animation variant"},{"ancestorTitles":["MangaPanel"],"duration":3,"failing":false,"failureDetails":[],"failureMessages":[],"fullName":"MangaPanel renders with slide animation variant","invocations":1,"location":null,"numPassingAsserts":1,"retryReasons":[],"startAt":1774080636692,"status":"passed","title":"renders with slide animation variant"},{"ancestorTitles":["MangaPanel"],"duration":3,"failing":false,"failureDetails":[],"failureMessages":[],"fullName":"MangaPanel renders with reveal animation variant (default)","invocations":1,"location":null,"numPassingAsserts":1,"retryReasons":[],"startAt":1774080636695,"status":"passed","title":"renders with reveal animation variant (default)"},{"ancestorTitles":["MangaPanel"],"duration":8,"failing":false,"failureDetails":[],"failureMessages":[],"fullName":"MangaPanel renders complex children correctly","invocations":1,"location":null,"numPassingAsserts":3,"retryReasons":[],"startAt":1774080636699,"status":"passed","title":"renders complex children correctly"}],"endTime":1774080636709,"message":"","name":"C:\\Users\\echob\\OneDrive\\Desktop\\New folder\\Port1\\components\\manga\\MangaPanel.test.tsx","startTime":1774080636456,"status":"passed","summary":""},{"assertionResults":[{"ancestorTitles":["PageTransition"],"duration":4,"failing":false,"failureDetails":[],"failureMessages":[],"fullName":"PageTransition renders children correctly","invocations":1,"location":null,"numPassingAsserts":1,"retryReasons":[],"startAt":1774080636918,"status":"passed","title":"renders children correctly"},{"ancestorTitles":["PageTransition"],"duration":6,"failing":false,"failureDetails":[],"failureMessages":[],"fullName":"PageTransition wraps content in motion.div with correct variants","invocations":1,"location":null,"numPassingAsserts":2,"retryReasons":[],"startAt":1774080636923,"status":"passed","title":"wraps content in motion.div with correct variants"},{"ancestorTitles":["PageTransition"],"duration":3,"failing":false,"failureDetails":[],"failureMessages":[],"fullName":"PageTransition renders multiple children correctly","invocations":1,"location":null,"numPassingAsserts":2,"retryReasons":[],"startAt":1774080636930,"status":"passed","title":"renders multiple children correctly"}],"endTime":1774080636935,"message":"","name":"C:\\Users\\echob\\OneDrive\\Desktop\\New folder\\Port1\\components\\layout\\PageTransition.test.tsx","startTime":1774080636725,"status":"passed","summary":""},{"assertionResults":[{"ancestorTitles":["SmoothScrollProvider"],"duration":4,"failing":false,"failureDetails":[],"failureMessages":[],"fullName":"SmoothScrollProvider passes disabled=true when horizontal mode is active","invocations":1,"location":null,"numPassingAsserts":1,"retryReasons":[],"startAt":1774080637119,"status":"passed","title":"passes disabled=true when horizontal mode is active"}],"endTime":1774080637125,"message":"","name":"C:\\Users\\echob\\OneDrive\\Desktop\\New folder\\Port1\\components\\layout\\SmoothScrollProvider.test.tsx","startTime":1774080636946,"status":"passed","summary":""},{"assertionResults":[{"ancestorTitles":["validateName"],"duration":2,"failing":false,"failureDetails":[],"failureMessages":[],"fullName":"validateName should accept valid names","invocations":1,"location":null,"numPassingAsserts":3,"retryReasons":[],"startAt":1774080637247,"status":"passed","title":"should accept valid names"},{"ancestorTitles":["validateName"],"duration":1,"failing":false,"failureDetails":[],"failureMessages":[],"fullName":"validateName should reject empty names","invocations":1,"location":null,"numPassingAsserts":2,"retryReasons":[],"startAt":1774080637250,"status":"passed","title":"should reject empty names"},{"ancestorTitles":["validateName"],"duration":1,"failing":false,"failureDetails":[],"failureMessages":[],"fullName":"validateName should reject names with only whitespace","invocations":1,"location":null,"numPassingAsserts":2,"retryReasons":[],"startAt":1774080637252,"status":"passed","title":"should reject names with only whitespace"},{"ancestorTitles":["validateName"],"duration":1,"failing":false,"failureDetails":[],"failureMessages":[],"fullName":"validateName should reject names shorter than 2 characters","invocations":1,"location":null,"numPassingAsserts":2,"retryReasons":[],"startAt":1774080637254,"status":"passed","title":"should reject names shorter than 2 characters"},{"ancestorTitles":["validateName"],"duration":6,"failing":false,"failureDetails":[],"failureMessages":[],"fullName":"validateName should reject names longer than 100 characters","invocations":1,"location":null,"numPassingAsserts":2,"retryReasons":[],"startAt":1774080637256,"status":"passed","title":"should reject names longer than 100 characters"},{"ancestorTitles":["validateName"],"duration":2,"failing":false,"failureDetails":[],"failureMessages":[],"fullName":"validateName should trim whitespace before validation","invocations":1,"location":null,"numPassingAsserts":1,"retryReasons":[],"startAt":1774080637263,"status":"passed","title":"should trim whitespace before validation"},{"ancestorTitles":["validateEmail"],"duration":1,"failing":false,"failureDetails":[],"failureMessages":[],"fullName":"validateEmail should accept valid email addresses","invocations":1,"location":null,"numPassingAsserts":3,"retryReasons":[],"startAt":1774080637266,"status":"passed","title":"should accept valid email addresses"},{"ancestorTitles":["validateEmail"],"duration":1,"failing":false,"failureDetails":[],"failureMessages":[],"fullName":"validateEmail should reject empty emails","invocations":1,"location":null,"numPassingAsserts":2,"retryReasons":[],"startAt":1774080637269,"status":"passed","title":"should reject empty emails"},{"ancestorTitles":["validateEmail"],"duration":1,"failing":false,"failureDetails":[],"failureMessages":[],"fullName":"validateEmail should reject emails with only whitespace","invocations":1,"location":null,"numPassingAsserts":2,"retryReasons":[],"startAt":1774080637271,"status":"passed","title":"should reject emails with only whitespace"},{"ancestorTitles":["validateEmail"],"duration":3,"failing":false,"failureDetails":[],"failureMessages":[],"fullName":"validateEmail should reject invalid email formats","invocations":1,"location":null,"numPassingAsserts":12,"retryReasons":[],"startAt":1774080637273,"status":"passed","title":"should reject invalid email formats"},{"ancestorTitles":["validateEmail"],"duration":1,"failing":false,"failureDetails":[],"failureMessages":[],"fullName":"validateEmail should trim whitespace before validation","invocations":1,"location":null,"numPassingAsserts":1,"retryReasons":[],"startAt":1774080637276,"status":"passed","title":"should trim whitespace before validation"},{"ancestorTitles":["validateSubject"],"duration":1,"failing":false,"failureDetails":[],"failureMessages":[],"fullName":"validateSubject should accept valid subjects","invocations":1,"location":null,"numPassingAsserts":3,"retryReasons":[],"startAt":1774080637278,"status":"passed","title":"should accept valid subjects"},{"ancestorTitles":["validateSubject"],"duration":1,"failing":false,"failureDetails":[],"failureMessages":[],"fullName":"validateSubject should reject empty subjects","invocations":1,"location":null,"numPassingAsserts":2,"retryReasons":[],"startAt":1774080637280,"status":"passed","title":"should reject empty subjects"},{"ancestorTitles":["validateSubject"],"duration":1,"failing":false,"failureDetails":[],"failureMessages":[],"fullName":"validateSubject should reject subjects with only whitespace","invocations":1,"location":null,"numPassingAsserts":2,"retryReasons":[],"startAt":1774080637282,"status":"passed","title":"should reject subjects with only whitespace"},{"ancestorTitles":["validateSubject"],"duration":1,"failing":false,"failureDetails":[],"failureMessages":[],"fullName":"validateSubject should reject subjects shorter than 5 characters","invocations":1,"location":null,"numPassingAsserts":2,"retryReasons":[],"startAt":1774080637284,"status":"passed","title":"should reject subjects shorter than 5 characters"},{"ancestorTitles":["validateSubject"],"duration":1,"failing":false,"failureDetails":[],"failureMessages":[],"fullName":"validateSubject should reject subjects longer than 200 characters","invocations":1,"location":null,"numPassingAsserts":2,"retryReasons":[],"startAt":1774080637286,"status":"passed","title":"should reject subjects longer than 200 characters"},{"ancestorTitles":["validateSubject"],"duration":1,"failing":false,"failureDetails":[],"failureMessages":[],"fullName":"validateSubject should trim whitespace before validation","invocations":1,"location":null,"numPassingAsserts":1,"retryReasons":[],"startAt":1774080637287,"status":"passed","title":"should trim whitespace before validation"},{"ancestorTitles":["validateMessage"],"duration":1,"failing":false,"failureDetails":[],"failureMessages":[],"fullName":"validateMessage should accept valid messages","invocations":1,"location":null,"numPassingAsserts":3,"retryReasons":[],"startAt":1774080637289,"status":"passed","title":"should accept valid messages"},{"ancestorTitles":["validateMessage"],"duration":4,"failing":false,"failureDetails":[],"failureMessages":[],"fullName":"validateMessage should reject empty messages","invocations":1,"location":null,"numPassingAsserts":2,"retryReasons":[],"startAt":1774080637290,"status":"passed","title":"should reject empty messages"},{"ancestorTitles":["validateMessage"],"duration":1,"failing":false,"failureDetails":[],"failureMessages":[],"fullName":"validateMessage should reject messages with only whitespace","invocations":1,"location":null,"numPassingAsserts":2,"retryReasons":[],"startAt":1774080637294,"status":"passed","title":"should reject messages with only whitespace"},{"ancestorTitles":["validateMessage"],"duration":0,"failing":false,"failureDetails":[],"failureMessages":[],"fullName":"validateMessage should reject messages shorter than 10 characters","invocations":1,"location":null,"numPassingAsserts":2,"retryReasons":[],"startAt":1774080637296,"status":"passed","title":"should reject messages shorter than 10 characters"},{"ancestorTitles":["validateMessage"],"duration":1,"failing":false,"failureDetails":[],"failureMessages":[],"fullName":"validateMessage should reject messages longer than 2000 characters","invocations":1,"location":null,"numPassingAsserts":2,"retryReasons":[],"startAt":1774080637297,"status":"passed","title":"should reject messages longer than 2000 characters"},{"ancestorTitles":["validateMessage"],"duration":1,"failing":false,"failureDetails":[],"failureMessages":[],"fullName":"validateMessage should trim whitespace before validation","invocations":1,"location":null,"numPassingAsserts":1,"retryReasons":[],"startAt":1774080637299,"status":"passed","title":"should trim whitespace before validation"},{"ancestorTitles":["validateContactForm"],"duration":1,"failing":false,"failureDetails":[],"failureMessages":[],"fullName":"validateContactForm should validate all fields and return true when all are valid","invocations":1,"location":null,"numPassingAsserts":5,"retryReasons":[],"startAt":1774080637301,"status":"passed","title":"should validate all fields and return true when all are valid"},{"ancestorTitles":["validateContactForm"],"duration":1,"failing":false,"failureDetails":[],"failureMessages":[],"fullName":"validateContactForm should return false when any field is invalid","invocations":1,"location":null,"numPassingAsserts":5,"retryReasons":[],"startAt":1774080637303,"status":"passed","title":"should return false when any field is invalid"},{"ancestorTitles":["validateContactForm"],"duration":1,"failing":false,"failureDetails":[],"failureMessages":[],"fullName":"validateContactForm should return individual field validation results","invocations":1,"location":null,"numPassingAsserts":7,"retryReasons":[],"startAt":1774080637305,"status":"passed","title":"should return individual field validation results"},{"ancestorTitles":["validateContactForm"],"duration":0,"failing":false,"failureDetails":[],"failureMessages":[],"fullName":"validateContactForm should handle edge cases at boundaries","invocations":1,"location":null,"numPassingAsserts":1,"retryReasons":[],"startAt":1774080637307,"status":"passed","title":"should handle edge cases at boundaries"}],"endTime":1774080637310,"message":"","name":"C:\\Users\\echob\\OneDrive\\Desktop\\New folder\\Port1\\lib\\utils\\validation.test.ts","startTime":1774080637139,"status":"passed","summary":""},{"assertionResults":[],"coverage":{},"endTime":1774080638102,"message":"  \u001b[1m● \u001b[22mTest suite failed to run\n\n    TypeError: Class extends value undefined is not a constructor or null\n\n    \u001b[0m \u001b[90m 3 |\u001b[39m \u001b[90m/**\u001b[39m\n     \u001b[90m 4 |\u001b[39m \u001b[90m * Smoke tests — verify each page loads and renders its core content.\u001b[39m\n    \u001b[31m\u001b[1m>\u001b[22m\u001b[39m\u001b[90m 5 |\u001b[39m \u001b[90m * \u001b[39m\n     \u001b[90m   |\u001b[39m              \u001b[31m\u001b[1m^\u001b[22m\u001b[39m\n     \u001b[90m 6 |\u001b[39m \u001b[90m * Note: This app uses a horizontal scroll panel layout. All panels are\u001b[39m\n     \u001b[90m 7 |\u001b[39m \u001b[90m * rendered in the DOM simultaneously, so we query by text/label directly\u001b[39m\n     \u001b[90m 8 |\u001b[39m \u001b[90m * without needing to navigate between routes.\u001b[39m\u001b[0m\n\n      \u001b[2mat Object.<anonymous> (\u001b[22mnode_modules/playwright-core/lib/mcpBundleImpl/index.js\u001b[2m:119:3983)\u001b[22m\n      \u001b[2mat Object.<anonymous> (\u001b[22mnode_modules/playwright-core/lib/mcpBundle.js\u001b[2m:49:22)\u001b[22m\n      \u001b[2mat Object.<anonymous> (\u001b[22mnode_modules/playwright-core/lib/server/utils/nodePlatform.js\u001b[2m:45:24)\u001b[22m\n      \u001b[2mat Object.<anonymous> (\u001b[22mnode_modules/playwright-core/lib/utils.js\u001b[2m:56:27)\u001b[22m\n      \u001b[2mat Object.<anonymous> (\u001b[22mnode_modules/playwright-core/lib/server/registry/index.js\u001b[2m:48:20)\u001b[22m\n      \u001b[2mat Object.<anonymous> (\u001b[22mnode_modules/playwright-core/lib/server/index.js\u001b[2m:37:23)\u001b[22m\n      \u001b[2mat Object.<anonymous> (\u001b[22mnode_modules/playwright-core/lib/remote/playwrightConnection.js\u001b[2m:24:21)\u001b[22m\n      \u001b[2mat Object.<anonymous> (\u001b[22mnode_modules/playwright-core/lib/remote/playwrightServer.js\u001b[2m:24:35)\u001b[22m\n      \u001b[2mat Object.<anonymous> (\u001b[22mnode_modules/playwright-core/lib/androidServerImpl.js\u001b[2m:24:31)\u001b[22m\n      \u001b[2mat Object.<anonymous> (\u001b[22mnode_modules/playwright-core/lib/inProcessFactory.js\u001b[2m:24:32)\u001b[22m\n      \u001b[2mat Object.<anonymous> (\u001b[22mnode_modules/playwright-core/lib/inprocess.js\u001b[2m:2:31)\u001b[22m\n      \u001b[2mat Object.<anonymous> (\u001b[22mnode_modules/playwright-core/index.js\u001b[2m:32:18)\u001b[22m\n      \u001b[2mat Object.<anonymous> (\u001b[22mnode_modules/playwright/lib/index.js\u001b[2m:41:33)\u001b[22m\n      \u001b[2mat Object.<anonymous> (\u001b[22m\u001b[0m\u001b[36mnode_modules/playwright/test.js\u001b[39m\u001b[0m\u001b[2m:17:13)\u001b[22m\n      \u001b[2mat Object.<anonymous> (\u001b[22mnode_modules/@playwright/test/index.js\u001b[2m:17:18)\u001b[22m\n      \u001b[2mat Object.<anonymous> (\u001b[22m\u001b[0m\u001b[36me2e/smoke.test.ts\u001b[39m\u001b[0m\u001b[2m:5:15)\u001b[22m\n","name":"C:\\Users\\echob\\OneDrive\\Desktop\\New folder\\Port1\\e2e\\smoke.test.ts","startTime":1774080638102,"status":"failed","summary":""},{"assertionResults":[],"coverage":{},"endTime":1774080638102,"message":"  \u001b[1m● \u001b[22mTest suite failed to run\n\n    TypeError: Class extends value undefined is not a constructor or null\n\n    \u001b[0m \u001b[90m 3 |\u001b[39m test(\u001b[32m'has title'\u001b[39m\u001b[33m,\u001b[39m \u001b[36masync\u001b[39m ({ page }) \u001b[33m=>\u001b[39m {\n     \u001b[90m 4 |\u001b[39m   \u001b[36mawait\u001b[39m page\u001b[33m.\u001b[39mgoto(\u001b[32m'https://playwright.dev/'\u001b[39m)\u001b[33m;\u001b[39m\n    \u001b[31m\u001b[1m>\u001b[22m\u001b[39m\u001b[90m 5 |\u001b[39m\n     \u001b[90m   |\u001b[39m \u001b[31m\u001b[1m^\u001b[22m\u001b[39m\n     \u001b[90m 6 |\u001b[39m   \u001b[90m// Expect a title \"to contain\" a substring.\u001b[39m\n     \u001b[90m 7 |\u001b[39m   \u001b[36mawait\u001b[39m expect(page)\u001b[33m.\u001b[39mtoHaveTitle(\u001b[35m/Playwright/\u001b[39m)\u001b[33m;\u001b[39m\n     \u001b[90m 8 |\u001b[39m })\u001b[33m;\u001b[39m\u001b[0m\n\n      \u001b[2mat Object.<anonymous> (\u001b[22mnode_modules/playwright-core/lib/mcpBundleImpl/index.js\u001b[2m:119:3983)\u001b[22m\n      \u001b[2mat Object.<anonymous> (\u001b[22mnode_modules/playwright-core/lib/mcpBundle.js\u001b[2m:49:22)\u001b[22m\n      \u001b[2mat Object.<anonymous> (\u001b[22mnode_modules/playwright-core/lib/server/utils/nodePlatform.js\u001b[2m:45:24)\u001b[22m\n      \u001b[2mat Object.<anonymous> (\u001b[22mnode_modules/playwright-core/lib/utils.js\u001b[2m:56:27)\u001b[22m\n      \u001b[2mat Object.<anonymous> (\u001b[22mnode_modules/playwright-core/lib/server/registry/index.js\u001b[2m:48:20)\u001b[22m\n      \u001b[2mat Object.<anonymous> (\u001b[22mnode_modules/playwright-core/lib/server/index.js\u001b[2m:37:23)\u001b[22m\n      \u001b[2mat Object.<anonymous> (\u001b[22mnode_modules/playwright-core/lib/remote/playwrightConnection.js\u001b[2m:24:21)\u001b[22m\n      \u001b[2mat Object.<anonymous> (\u001b[22mnode_modules/playwright-core/lib/remote/playwrightServer.js\u001b[2m:24:35)\u001b[22m\n      \u001b[2mat Object.<anonymous> (\u001b[22mnode_modules/playwright-core/lib/androidServerImpl.js\u001b[2m:24:31)\u001b[22m\n      \u001b[2mat Object.<anonymous> (\u001b[22mnode_modules/playwright-core/lib/inProcessFactory.js\u001b[2m:24:32)\u001b[22m\n      \u001b[2mat Object.<anonymous> (\u001b[22mnode_modules/playwright-core/lib/inprocess.js\u001b[2m:2:31)\u001b[22m\n      \u001b[2mat Object.<anonymous> (\u001b[22mnode_modules/playwright-core/index.js\u001b[2m:32:18)\u001b[22m\n      \u001b[2mat Object.<anonymous> (\u001b[22mnode_modules/playwright/lib/index.js\u001b[2m:41:33)\u001b[22m\n      \u001b[2mat Object.<anonymous> (\u001b[22m\u001b[0m\u001b[36mnode_modules/playwright/test.js\u001b[39m\u001b[0m\u001b[2m:17:13)\u001b[22m\n      \u001b[2mat Object.<anonymous> (\u001b[22mnode_modules/@playwright/test/index.js\u001b[2m:17:18)\u001b[22m\n      \u001b[2mat Object.<anonymous> (\u001b[22m\u001b[0m\u001b[36me2e/example.spec.ts\u001b[39m\u001b[0m\u001b[2m:5:15)\u001b[22m\n","name":"C:\\Users\\echob\\OneDrive\\Desktop\\New folder\\Port1\\e2e\\example.spec.ts","startTime":1774080638102,"status":"failed","summary":""}],"wasInterrupted":false}
